<?xml version="1.0" encoding="utf-8"?><testsuites name="pytest tests"><testsuite name="pytest" errors="0" failures="0" skipped="0" tests="18" time="7.092" timestamp="2026-04-01T06:01:42.027717+00:00" hostname="agent-env-56e29858-e3ee-4248-8c4f-bc974c1e3dc0"><testcase classname="backend.tests.test_rollisuite_api.TestAuth" name="test_login_success" time="0.361" /><testcase classname="backend.tests.test_rollisuite_api.TestAuth" name="test_login_invalid_credentials" time="0.047" /><testcase classname="backend.tests.test_rollisuite_api.TestDashboard" name="test_dashboard_stats_unauthorized" time="0.002" /><testcase classname="backend.tests.test_rollisuite_api.TestDashboard" name="test_dashboard_stats_authorized" time="0.314" /><testcase classname="backend.tests.test_rollisuite_api.TestDailyHitList" name="test_daily_hit_list_authorized" time="0.050" /><testcase classname="backend.tests.test_rollisuite_api.TestCustomers" name="test_list_customers" time="0.214" /><testcase classname="backend.tests.test_rollisuite_api.TestCustomers" name="test_create_and_get_customer" time="1.090" /><testcase classname="backend.tests.test_rollisuite_api.TestWatches" name="test_list_watches" time="0.135" /><testcase classname="backend.tests.test_rollisuite_api.TestWatches" name="test_get_watch_detail" time="0.502" /><testcase classname="backend.tests.test_rollisuite_api.TestParts" name="test_list_parts" time="0.209" /><testcase classname="backend.tests.test_rollisuite_api.TestParts" name="test_get_part_detail" time="0.697" /><testcase classname="backend.tests.test_rollisuite_api.TestParts" name="test_create_part" time="0.264" /><testcase classname="backend.tests.test_rollisuite_api.TestEstimates" name="test_list_estimates" time="0.293" /><testcase classname="backend.tests.test_rollisuite_api.TestEstimates" name="test_get_estimate_detail" time="0.654" /><testcase classname="backend.tests.test_rollisuite_api.TestJobs" name="test_list_jobs" time="0.254" /><testcase classname="backend.tests.test_rollisuite_api.TestJobs" name="test_get_job_detail" time="0.941" /><testcase classname="backend.tests.test_rollisuite_api.TestSalesOrders" name="test_list_sales_orders" time="0.287" /><testcase classname="backend.tests.test_rollisuite_api.TestSalesOrders" name="test_get_sales_order_detail" time="0.603" /></testsuite></testsuites>